# JRE version: OpenJDK Runtime Environment Temurin-11.0.17+8 (11.0.17+8) (build 11.0.17+8)
# Java VM: OpenJDK 64-Bit Server VM Temurin-11.0.17+8 (11.0.17+8, mixed mode, tiered, compressed oops, g1 gc, windows-amd64)
Heap:
 garbage-first heap   total 289792K, used 137484K [0x00000000c0000000, 0x0000000100000000)
  region size 1024K, 8 young (8192K), 1 survivors (1024K)
 Metaspace       used 133154K, capacity 143344K, committed 143360K, reserved 1173504K
  class space    used 15834K, capacity 19446K, committed 19456K, reserved 1048576K
GC Heap History (20 events):
Event: 53.278 GC heap before
{Heap before GC invocations=24 (full 0):
 garbage-first heap   total 262144K, used 136037K [0x00000000c0000000, 0x0000000100000000)
  region size 1024K, 12 young (12288K), 2 survivors (2048K)
 Metaspace       used 110325K, capacity 118778K, committed 118912K, reserved 1153024K
  class space    used 12685K, capacity 15478K, committed 15488K, reserved 1048576K
}
Event: 53.286 GC heap after
{Heap after GC invocations=25 (full 0):
 garbage-first heap   total 262144K, used 112512K [0x00000000c0000000, 0x0000000100000000)
  region size 1024K, 2 young (2048K), 2 survivors (2048K)
 Metaspace       used 110325K, capacity 118778K, committed 118912K, reserved 1153024K
  class space    used 12685K, capacity 15478K, committed 15488K, reserved 1048576K
}
Event: 55.687 GC heap before
{Heap before GC invocations=25 (full 0):
 garbage-first heap   total 262144K, used 198528K [0x00000000c0000000, 0x0000000100000000)
  region size 1024K, 82 young (83968K), 2 survivors (2048K)
 Metaspace       used 118253K, capacity 127270K, committed 127616K, reserved 1159168K
  class space    used 13864K, capacity 16908K, committed 17024K, reserved 1048576K
}
Event: 55.693 GC heap after
{Heap after GC invocations=26 (full 0):
 garbage-first heap   total 262144K, used 120389K [0x00000000c0000000, 0x0000000100000000)
  region size 1024K, 4 young (4096K), 4 survivors (4096K)
 Metaspace       used 118253K, capacity 127270K, committed 127616K, reserved 1159168K
  class space    used 13864K, capacity 16908K, committed 17024K, reserved 1048576K
}
Event: 65.931 GC heap before
{Heap before GC invocations=27 (full 0):
 garbage-first heap   total 262144K, used 213573K [0x00000000c0000000, 0x0000000100000000)
  region size 1024K, 91 young (93184K), 4 survivors (4096K)
 Metaspace       used 126429K, capacity 136090K, committed 136192K, reserved 1167360K
  class space    used 14937K, capacity 18367K, committed 18432K, reserved 1048576K
}
Event: 65.944 GC heap after
{Heap after GC invocations=28 (full 0):
 garbage-first heap   total 262144K, used 125878K [0x00000000c0000000, 0x0000000100000000)
  region size 1024K, 12 young (12288K), 12 survivors (12288K)
 Metaspace       used 126429K, capacity 136090K, committed 136192K, reserved 1167360K
  class space    used 14937K, capacity 18367K, committed 18432K, reserved 1048576K
}
Event: 65.949 GC heap before
{Heap before GC invocations=28 (full 0):
 garbage-first heap   total 262144K, used 126902K [0x00000000c0000000, 0x0000000100000000)
  region size 1024K, 13 young (13312K), 12 survivors (12288K)
 Metaspace       used 126437K, capacity 136090K, committed 136192K, reserved 1167360K
  class space    used 14938K, capacity 18367K, committed 18432K, reserved 1048576K
}
Event: 65.960 GC heap after
{Heap after GC invocations=29 (full 0):
 garbage-first heap   total 262144K, used 115607K [0x00000000c0000000, 0x0000000100000000)
  region size 1024K, 2 young (2048K), 2 survivors (2048K)
 Metaspace       used 126437K, capacity 136090K, committed 136192K, reserved 1167360K
  class space    used 14938K, capacity 18367K, committed 18432K, reserved 1048576K
}
Event: 68.388 GC heap before
{Heap before GC invocations=29 (full 0):
 garbage-first heap   total 262144K, used 172951K [0x00000000c0000000, 0x0000000100000000)
  region size 1024K, 60 young (61440K), 2 survivors (2048K)
 Metaspace       used 127228K, capacity 136951K, committed 137088K, reserved 1167360K
  class space    used 15030K, capacity 18457K, committed 18560K, reserved 1048576K
}
Event: 68.403 GC heap after
{Heap after GC invocations=30 (full 0):
 garbage-first heap   total 262144K, used 125450K [0x00000000c0000000, 0x0000000100000000)
  region size 1024K, 11 young (11264K), 11 survivors (11264K)
 Metaspace       used 127228K, capacity 136951K, committed 137088K, reserved 1167360K
  class space    used 15030K, capacity 18457K, committed 18560K, reserved 1048576K
}
Event: 73.302 GC heap before
{Heap before GC invocations=31 (full 0):
 garbage-first heap   total 272384K, used 270858K [0x00000000c0000000, 0x0000000100000000)
  region size 1024K, 84 young (86016K), 11 survivors (11264K)
 Metaspace       used 129450K, capacity 139216K, committed 139392K, reserved 1169408K
  class space    used 15350K, capacity 18781K, committed 18816K, reserved 1048576K
}
Event: 73.317 GC heap after
{Heap after GC invocations=32 (full 0):
 garbage-first heap   total 289792K, used 142279K [0x00000000c0000000, 0x0000000100000000)
  region size 1024K, 6 young (6144K), 6 survivors (6144K)
 Metaspace       used 129450K, capacity 139216K, committed 139392K, reserved 1169408K
  class space    used 15350K, capacity 18781K, committed 18816K, reserved 1048576K
}
Event: 74.309 GC heap before
{Heap before GC invocations=32 (full 0):
 garbage-first heap   total 289792K, used 150471K [0x00000000c0000000, 0x0000000100000000)
  region size 1024K, 14 young (14336K), 6 survivors (6144K)
 Metaspace       used 129814K, capacity 139766K, committed 140032K, reserved 1171456K
  class space    used 15416K, capacity 18899K, committed 18944K, reserved 1048576K
}
Event: 74.318 GC heap after
{Heap after GC invocations=33 (full 0):
 garbage-first heap   total 289792K, used 125504K [0x00000000c0000000, 0x0000000100000000)
  region size 1024K, 1 young (1024K), 1 survivors (1024K)
 Metaspace       used 129814K, capacity 139766K, committed 140032K, reserved 1171456K
  class space    used 15416K, capacity 18899K, committed 18944K, reserved 1048576K
}
Event: 74.414 GC heap before
{Heap before GC invocations=33 (full 0):
 garbage-first heap   total 289792K, used 127552K [0x00000000c0000000, 0x0000000100000000)
  region size 1024K, 4 young (4096K), 1 survivors (1024K)
 Metaspace       used 129841K, capacity 139767K, committed 140032K, reserved 1171456K
  class space    used 15418K, capacity 18899K, committed 18944K, reserved 1048576K
}
Event: 74.420 GC heap after
{Heap after GC invocations=34 (full 0):
 garbage-first heap   total 289792K, used 125286K [0x00000000c0000000, 0x0000000100000000)
  region size 1024K, 1 young (1024K), 1 survivors (1024K)
 Metaspace       used 129841K, capacity 139767K, committed 140032K, reserved 1171456K
  class space    used 15418K, capacity 18899K, committed 18944K, reserved 1048576K
}
Event: 81.927 GC heap before
{Heap before GC invocations=35 (full 0):
 garbage-first heap   total 289792K, used 262502K [0x00000000c0000000, 0x0000000100000000)
  region size 1024K, 82 young (83968K), 1 survivors (1024K)
 Metaspace       used 132823K, capacity 142950K, committed 143104K, reserved 1173504K
  class space    used 15795K, capacity 19403K, committed 19456K, reserved 1048576K
}
Event: 81.935 GC heap after
{Heap after GC invocations=36 (full 0):
 garbage-first heap   total 289792K, used 140542K [0x00000000c0000000, 0x0000000100000000)
  region size 1024K, 5 young (5120K), 5 survivors (5120K)
 Metaspace       used 132823K, capacity 142950K, committed 143104K, reserved 1173504K
  class space    used 15795K, capacity 19403K, committed 19456K, reserved 1048576K
}
Event: 83.703 GC heap before
{Heap before GC invocations=36 (full 0):
 garbage-first heap   total 289792K, used 149758K [0x00000000c0000000, 0x0000000100000000)
  region size 1024K, 14 young (14336K), 5 survivors (5120K)
 Metaspace       used 133137K, capacity 143338K, committed 143360K, reserved 1173504K
  class space    used 15833K, capacity 19445K, committed 19456K, reserved 1048576K
}
Event: 83.710 GC heap after
{Heap after GC invocations=37 (full 0):
 garbage-first heap   total 289792K, used 131340K [0x00000000c0000000, 0x0000000100000000)
  region size 1024K, 1 young (1024K), 1 survivors (1024K)
 Metaspace       used 133137K, capacity 143338K, committed 143360K, reserved 1173504K
  class space    used 15833K, capacity 19445K, committed 19456K, reserved 1048576K
}

